<?xml version="1.0" encoding="utf-8"?><testsuites><testsuite name="pytest" errors="0" failures="0" skipped="0" tests="24" time="14.763" timestamp="2026-05-08T22:44:07.341329" hostname="agent-env-65287e6d-b4c4-4208-9bd0-fddfcade336c"><testcase classname="backend.tests.test_asistencia.TestAuthAsistencia" name="test_admin_login" time="0.602" /><testcase classname="backend.tests.test_asistencia.TestAuthAsistencia" name="test_maria_login" time="0.352" /><testcase classname="backend.tests.test_asistencia.TestAuthAsistencia" name="test_juan_login" time="0.349" /><testcase classname="backend.tests.test_asistencia.TestSchedulesCRUD" name="test_list_schedules" time="0.498" /><testcase classname="backend.tests.test_asistencia.TestSchedulesCRUD" name="test_create_schedule_calculates_totals" time="0.138" /><testcase classname="backend.tests.test_asistencia.TestSchedulesCRUD" name="test_get_schedule" time="0.147" /><testcase classname="backend.tests.test_asistencia.TestSchedulesCRUD" name="test_update_schedule_recalcs" time="0.142" /><testcase classname="backend.tests.test_asistencia.TestSchedulesCRUD" name="test_create_schedule_requires_admin" time="0.489" /><testcase classname="backend.tests.test_asistencia.TestSchedulesCRUD" name="test_delete_schedule" time="0.252" /><testcase classname="backend.tests.test_asistencia.TestEmployeeSchedule" name="test_get_employee_schedule_unassigned" time="0.275" /><testcase classname="backend.tests.test_asistencia.TestEmployeeSchedule" name="test_assign_schedule_requires_admin" time="0.274" /><testcase classname="backend.tests.test_asistencia.TestEmployeeSchedule" name="test_assign_and_get_schedule" time="0.275" /><testcase classname="backend.tests.test_asistencia.TestEmployeeSchedule" name="test_assign_invalid_schedule" time="0.189" /><testcase classname="backend.tests.test_asistencia.TestEmployeeSchedule" name="test_remove_employee_schedule" time="0.358" /><testcase classname="backend.tests.test_asistencia.TestEmployeeSchedule" name="test_delete_schedule_releases_assignments" time="0.626" /><testcase classname="backend.tests.test_asistencia.TestAttendance" name="test_clock_in_without_schedule_admin" time="1.033" /><testcase classname="backend.tests.test_asistencia.TestAttendance" name="test_get_current_no_session" time="0.239" /><testcase classname="backend.tests.test_asistencia.TestAttendance" name="test_full_clock_in_pause_resume_clock_out_flow" time="6.504" /><testcase classname="backend.tests.test_asistencia.TestAttendance" name="test_clock_in_when_active_session" time="0.575" /><testcase classname="backend.tests.test_asistencia.TestAttendance" name="test_records_and_summary" time="0.243" /><testcase classname="backend.tests.test_asistencia.TestAttendance" name="test_employee_cannot_view_other_records" time="0.365" /><testcase classname="backend.tests.test_asistencia.TestDevices" name="test_get_devices_creates_default" time="0.145" /><testcase classname="backend.tests.test_asistencia.TestDevices" name="test_update_devices_requires_admin" time="0.147" /><testcase classname="backend.tests.test_asistencia.TestDevices" name="test_update_devices" time="0.250" /></testsuite></testsuites>